current directory: /vagrant/09_AttendanceApp/AttendanceApp/vender/bundle/ruby/2.4.0/gems/sqlite3-1.3.13/ext/sqlite3
/home/vagrant/.rvm/rubies/ruby-2.4.0/bin/ruby -r ./siteconf20170820-5833-1d7tc2s.rb extconf.rb
checking for sqlite3.h... yes
checking for pthread_create() in -lpthread... yes
checking for sqlite3_libversion_number() in -lsqlite3... yes
checking for rb_proc_arity()... yes
checking for rb_integer_pack()... yes
checking for sqlite3_initialize()... yes
checking for sqlite3_backup_init()... yes
checking for sqlite3_column_database_name()... yes
checking for sqlite3_enable_load_extension()... yes
checking for sqlite3_load_extension()... yes
checking for sqlite3_open_v2()... yes
checking for sqlite3_prepare_v2()... yes
checking for sqlite3_int64 in sqlite3.h... yes
checking for sqlite3_uint64 in sqlite3.h... yes
creating Makefile

current directory: /vagrant/09_AttendanceApp/AttendanceApp/vender/bundle/ruby/2.4.0/gems/sqlite3-1.3.13/ext/sqlite3
make "DESTDIR=" clean

current directory: /vagrant/09_AttendanceApp/AttendanceApp/vender/bundle/ruby/2.4.0/gems/sqlite3-1.3.13/ext/sqlite3
make "DESTDIR="
compiling backup.c
compiling database.c
database.c: In function ‘db_filename’:
database.c:837: warning: implicit declaration of function ‘sqlite3_db_filename’
database.c:837: warning: assignment makes pointer from integer without a cast
At top level:
cc1: warning: unrecognized command line option "-Wno-self-assign"
cc1: warning: unrecognized command line option "-Wno-constant-logical-operand"
cc1: warning: unrecognized command line option "-Wno-parentheses-equality"
cc1: warning: unrecognized command line option "-Wno-tautological-compare"
compiling exception.c
compiling sqlite3.c
compiling statement.c
linking shared-object sqlite3/sqlite3_native.so

current directory: /vagrant/09_AttendanceApp/AttendanceApp/vender/bundle/ruby/2.4.0/gems/sqlite3-1.3.13/ext/sqlite3
make "DESTDIR=" install
/usr/bin/install -c -m 0755 sqlite3_native.so ./.gem.20170820-5833-j87phj/sqlite3
