current directory: /vagrant/09_AttendanceApp/AttendanceApp/vender/bundle/ruby/2.4.0/gems/therubyracer-0.12.3/ext/v8
/home/vagrant/.rvm/rubies/ruby-2.4.0/bin/ruby -r ./siteconf20170820-5833-kfdkxd.rb extconf.rb
checking for -lpthread... yes
creating Makefile

current directory: /vagrant/09_AttendanceApp/AttendanceApp/vender/bundle/ruby/2.4.0/gems/therubyracer-0.12.3/ext/v8
make "DESTDIR=" clean
make: Warning: File `Makefile' has modification time 0.68 s in the future
make: warning:  Clock skew detected.  Your build may be incomplete.

current directory: /vagrant/09_AttendanceApp/AttendanceApp/vender/bundle/ruby/2.4.0/gems/therubyracer-0.12.3/ext/v8
make "DESTDIR="
make: Warning: File `Makefile' has modification time 0.67 s in the future
compiling accessor.cc
cc1plus: warning: command line option "-Wimplicit-int" is valid for C/ObjC but not for C++
cc1plus: warning: unrecognized command line option "-Wno-self-assign"
cc1plus: warning: unrecognized command line option "-Wno-constant-logical-operand"
cc1plus: warning: unrecognized command line option "-Wno-parentheses-equality"
cc1plus: warning: unrecognized command line option "-Wno-tautological-compare"
compiling array.cc
cc1plus: warning: command line option "-Wimplicit-int" is valid for C/ObjC but not for C++
cc1plus: warning: unrecognized command line option "-Wno-self-assign"
cc1plus: warning: unrecognized command line option "-Wno-constant-logical-operand"
cc1plus: warning: unrecognized command line option "-Wno-parentheses-equality"
cc1plus: warning: unrecognized command line option "-Wno-tautological-compare"
compiling backref.cc
cc1plus: warning: command line option "-Wimplicit-int" is valid for C/ObjC but not for C++
cc1plus: warning: unrecognized command line option "-Wno-self-assign"
cc1plus: warning: unrecognized command line option "-Wno-constant-logical-operand"
cc1plus: warning: unrecognized command line option "-Wno-parentheses-equality"
cc1plus: warning: unrecognized command line option "-Wno-tautological-compare"
compiling constants.cc
cc1plus: warning: command line option "-Wimplicit-int" is valid for C/ObjC but not for C++
cc1plus: warning: unrecognized command line option "-Wno-self-assign"
cc1plus: warning: unrecognized command line option "-Wno-constant-logical-operand"
cc1plus: warning: unrecognized command line option "-Wno-parentheses-equality"
cc1plus: warning: unrecognized command line option "-Wno-tautological-compare"
compiling constraints.cc
cc1plus: warning: command line option "-Wimplicit-int" is valid for C/ObjC but not for C++
cc1plus: warning: unrecognized command line option "-Wno-self-assign"
cc1plus: warning: unrecognized command line option "-Wno-constant-logical-operand"
cc1plus: warning: unrecognized command line option "-Wno-parentheses-equality"
cc1plus: warning: unrecognized command line option "-Wno-tautological-compare"
compiling context.cc
cc1plus: warning: command line option "-Wimplicit-int" is valid for C/ObjC but not for C++
cc1plus: warning: unrecognized command line option "-Wno-self-assign"
cc1plus: warning: unrecognized command line option "-Wno-constant-logical-operand"
cc1plus: warning: unrecognized command line option "-Wno-parentheses-equality"
cc1plus: warning: unrecognized command line option "-Wno-tautological-compare"
compiling date.cc
cc1plus: warning: command line option "-Wimplicit-int" is valid for C/ObjC but not for C++
cc1plus: warning: unrecognized command line option "-Wno-self-assign"
cc1plus: warning: unrecognized command line option "-Wno-constant-logical-operand"
cc1plus: warning: unrecognized command line option "-Wno-parentheses-equality"
cc1plus: warning: unrecognized command line option "-Wno-tautological-compare"
compiling exception.cc
cc1plus: warning: command line option "-Wimplicit-int" is valid for C/ObjC but not for C++
cc1plus: warning: unrecognized command line option "-Wno-self-assign"
cc1plus: warning: unrecognized command line option "-Wno-constant-logical-operand"
cc1plus: warning: unrecognized command line option "-Wno-parentheses-equality"
cc1plus: warning: unrecognized command line option "-Wno-tautological-compare"
compiling external.cc
cc1plus: warning: command line option "-Wimplicit-int" is valid for C/ObjC but not for C++
cc1plus: warning: unrecognized command line option "-Wno-self-assign"
cc1plus: warning: unrecognized command line option "-Wno-constant-logical-operand"
cc1plus: warning: unrecognized command line option "-Wno-parentheses-equality"
cc1plus: warning: unrecognized command line option "-Wno-tautological-compare"
compiling function.cc
cc1plus: warning: command line option "-Wimplicit-int" is valid for C/ObjC but not for C++
cc1plus: warning: unrecognized command line option "-Wno-self-assign"
cc1plus: warning: unrecognized command line option "-Wno-constant-logical-operand"
cc1plus: warning: unrecognized command line option "-Wno-parentheses-equality"
cc1plus: warning: unrecognized command line option "-Wno-tautological-compare"
compiling gc.cc
cc1plus: warning: command line option "-Wimplicit-int" is valid for C/ObjC but not for C++
cc1plus: warning: unrecognized command line option "-Wno-self-assign"
cc1plus: warning: unrecognized command line option "-Wno-constant-logical-operand"
cc1plus: warning: unrecognized command line option "-Wno-parentheses-equality"
cc1plus: warning: unrecognized command line option "-Wno-tautological-compare"
compiling handles.cc
cc1plus: warning: command line option "-Wimplicit-int" is valid for C/ObjC but not for C++
cc1plus: warning: unrecognized command line option "-Wno-self-assign"
cc1plus: warning: unrecognized command line option "-Wno-constant-logical-operand"
cc1plus: warning: unrecognized command line option "-Wno-parentheses-equality"
cc1plus: warning: unrecognized command line option "-Wno-tautological-compare"
compiling heap.cc
cc1plus: warning: command line option "-Wimplicit-int" is valid for C/ObjC but not for C++
cc1plus: warning: unrecognized command line option "-Wno-self-assign"
cc1plus: warning: unrecognized command line option "-Wno-constant-logical-operand"
cc1plus: warning: unrecognized command line option "-Wno-parentheses-equality"
cc1plus: warning: unrecognized command line option "-Wno-tautological-compare"
compiling init.cc
cc1plus: warning: command line option "-Wimplicit-int" is valid for C/ObjC but not for C++
cc1plus: warning: unrecognized command line option "-Wno-self-assign"
cc1plus: warning: unrecognized command line option "-Wno-constant-logical-operand"
cc1plus: warning: unrecognized command line option "-Wno-parentheses-equality"
cc1plus: warning: unrecognized command line option "-Wno-tautological-compare"
compiling invocation.cc
cc1plus: warning: command line option "-Wimplicit-int" is valid for C/ObjC but not for C++
cc1plus: warning: unrecognized command line option "-Wno-self-assign"
cc1plus: warning: unrecognized command line option "-Wno-constant-logical-operand"
cc1plus: warning: unrecognized command line option "-Wno-parentheses-equality"
cc1plus: warning: unrecognized command line option "-Wno-tautological-compare"
compiling locker.cc
cc1plus: warning: command line option "-Wimplicit-int" is valid for C/ObjC but not for C++
cc1plus: warning: unrecognized command line option "-Wno-self-assign"
cc1plus: warning: unrecognized command line option "-Wno-constant-logical-operand"
cc1plus: warning: unrecognized command line option "-Wno-parentheses-equality"
cc1plus: warning: unrecognized command line option "-Wno-tautological-compare"
compiling message.cc
cc1plus: warning: command line option "-Wimplicit-int" is valid for C/ObjC but not for C++
cc1plus: warning: unrecognized command line option "-Wno-self-assign"
cc1plus: warning: unrecognized command line option "-Wno-constant-logical-operand"
cc1plus: warning: unrecognized command line option "-Wno-parentheses-equality"
cc1plus: warning: unrecognized command line option "-Wno-tautological-compare"
compiling object.cc
cc1plus: warning: command line option "-Wimplicit-int" is valid for C/ObjC but not for C++
cc1plus: warning: unrecognized command line option "-Wno-self-assign"
cc1plus: warning: unrecognized command line option "-Wno-constant-logical-operand"
cc1plus: warning: unrecognized command line option "-Wno-parentheses-equality"
cc1plus: warning: unrecognized command line option "-Wno-tautological-compare"
compiling primitive.cc
cc1plus: warning: command line option "-Wimplicit-int" is valid for C/ObjC but not for C++
cc1plus: warning: unrecognized command line option "-Wno-self-assign"
cc1plus: warning: unrecognized command line option "-Wno-constant-logical-operand"
cc1plus: warning: unrecognized command line option "-Wno-parentheses-equality"
cc1plus: warning: unrecognized command line option "-Wno-tautological-compare"
compiling rr.cc
cc1plus: warning: command line option "-Wimplicit-int" is valid for C/ObjC but not for C++
cc1plus: warning: unrecognized command line option "-Wno-self-assign"
cc1plus: warning: unrecognized command line option "-Wno-constant-logical-operand"
cc1plus: warning: unrecognized command line option "-Wno-parentheses-equality"
cc1plus: warning: unrecognized command line option "-Wno-tautological-compare"
compiling script.cc
cc1plus: warning: command line option "-Wimplicit-int" is valid for C/ObjC but not for C++
cc1plus: warning: unrecognized command line option "-Wno-self-assign"
cc1plus: warning: unrecognized command line option "-Wno-constant-logical-operand"
cc1plus: warning: unrecognized command line option "-Wno-parentheses-equality"
cc1plus: warning: unrecognized command line option "-Wno-tautological-compare"
compiling signature.cc
cc1plus: warning: command line option "-Wimplicit-int" is valid for C/ObjC but not for C++
cc1plus: warning: unrecognized command line option "-Wno-self-assign"
cc1plus: warning: unrecognized command line option "-Wno-constant-logical-operand"
cc1plus: warning: unrecognized command line option "-Wno-parentheses-equality"
cc1plus: warning: unrecognized command line option "-Wno-tautological-compare"
compiling stack.cc
cc1plus: warning: command line option "-Wimplicit-int" is valid for C/ObjC but not for C++
cc1plus: warning: unrecognized command line option "-Wno-self-assign"
cc1plus: warning: unrecognized command line option "-Wno-constant-logical-operand"
cc1plus: warning: unrecognized command line option "-Wno-parentheses-equality"
cc1plus: warning: unrecognized command line option "-Wno-tautological-compare"
compiling string.cc
cc1plus: warning: command line option "-Wimplicit-int" is valid for C/ObjC but not for C++
cc1plus: warning: unrecognized command line option "-Wno-self-assign"
cc1plus: warning: unrecognized command line option "-Wno-constant-logical-operand"
cc1plus: warning: unrecognized command line option "-Wno-parentheses-equality"
cc1plus: warning: unrecognized command line option "-Wno-tautological-compare"
compiling template.cc
cc1plus: warning: command line option "-Wimplicit-int" is valid for C/ObjC but not for C++
cc1plus: warning: unrecognized command line option "-Wno-self-assign"
cc1plus: warning: unrecognized command line option "-Wno-constant-logical-operand"
cc1plus: warning: unrecognized command line option "-Wno-parentheses-equality"
cc1plus: warning: unrecognized command line option "-Wno-tautological-compare"
compiling trycatch.cc
cc1plus: warning: command line option "-Wimplicit-int" is valid for C/ObjC but not for C++
cc1plus: warning: unrecognized command line option "-Wno-self-assign"
cc1plus: warning: unrecognized command line option "-Wno-constant-logical-operand"
cc1plus: warning: unrecognized command line option "-Wno-parentheses-equality"
cc1plus: warning: unrecognized command line option "-Wno-tautological-compare"
compiling v8.cc
cc1plus: warning: command line option "-Wimplicit-int" is valid for C/ObjC but not for C++
cc1plus: warning: unrecognized command line option "-Wno-self-assign"
cc1plus: warning: unrecognized command line option "-Wno-constant-logical-operand"
cc1plus: warning: unrecognized command line option "-Wno-parentheses-equality"
cc1plus: warning: unrecognized command line option "-Wno-tautological-compare"
compiling value.cc
cc1plus: warning: command line option "-Wimplicit-int" is valid for C/ObjC but not for C++
cc1plus: warning: unrecognized command line option "-Wno-self-assign"
cc1plus: warning: unrecognized command line option "-Wno-constant-logical-operand"
cc1plus: warning: unrecognized command line option "-Wno-parentheses-equality"
cc1plus: warning: unrecognized command line option "-Wno-tautological-compare"
linking shared-object v8/init.so
make: warning:  Clock skew detected.  Your build may be incomplete.

current directory: /vagrant/09_AttendanceApp/AttendanceApp/vender/bundle/ruby/2.4.0/gems/therubyracer-0.12.3/ext/v8
make "DESTDIR=" install
make: Warning: File `init.so' has modification time 0.15 s in the future
/usr/bin/install -c -m 0755 init.so ./.gem.20170820-5833-1t6ywnw/v8
make: warning:  Clock skew detected.  Your build may be incomplete.
