current directory: /vagrant/09_AttendanceApp/AttendanceApp/vender/bundle/ruby/2.4.0/gems/ffi-1.9.18/ext/ffi_c
/home/vagrant/.rvm/rubies/ruby-2.4.0/bin/ruby -r ./siteconf20170820-5833-1kcnrep.rb extconf.rb
checking for ffi_call() in -lffi... yes
checking for ffi_prep_closure()... yes
checking for ffi_raw_call()... yes
checking for ffi_prep_raw_closure()... yes
checking for shlwapi.h... no
checking for rb_thread_blocking_region()... no
checking for rb_thread_call_with_gvl()... yes
checking for rb_thread_call_without_gvl()... yes
checking for ffi_prep_cif_var()... no
creating extconf.h
creating Makefile

current directory: /vagrant/09_AttendanceApp/AttendanceApp/vender/bundle/ruby/2.4.0/gems/ffi-1.9.18/ext/ffi_c
make "DESTDIR=" clean

current directory: /vagrant/09_AttendanceApp/AttendanceApp/vender/bundle/ruby/2.4.0/gems/ffi-1.9.18/ext/ffi_c
make "DESTDIR="
compiling AbstractMemory.c
compiling ArrayType.c
compiling Buffer.c
compiling Call.c
compiling ClosurePool.c
compiling DataConverter.c
compiling DynamicLibrary.c
compiling Function.c
compiling FunctionInfo.c
compiling LastError.c
compiling LongDouble.c
compiling MappedType.c
compiling MemoryPointer.c
compiling MethodHandle.c
compiling Platform.c
compiling Pointer.c
compiling Struct.c
compiling StructByReference.c
compiling StructByValue.c
compiling StructLayout.c
compiling Thread.c
compiling Type.c
compiling Types.c
compiling Variadic.c
compiling ffi.c
linking shared-object ffi_c.so

current directory: /vagrant/09_AttendanceApp/AttendanceApp/vender/bundle/ruby/2.4.0/gems/ffi-1.9.18/ext/ffi_c
make "DESTDIR=" install
/usr/bin/install -c -m 0755 ffi_c.so ./.gem.20170820-5833-1wm4pg7
